<?xml version="1.0" encoding="UTF-8"?>
<!-- Generated by org.testng.reporters.JUnitReportReporter -->
<testsuite hostname="LAPTOP-B6F4M6SR" name="YEAR2023.JANUARY.APITEST" tests="3" failures="0" timestamp="17 Jan 2023 21:21:42 GMT" time="0.001" errors="0">
  <testcase name="APITESTLoanweblogin" time="0.000" classname="YEAR2023.JANUARY.APITEST"/>
  <testcase name="APITESTLoanapplogin" time="0.001" classname="YEAR2023.JANUARY.APITEST"/>
  <testcase name="APITESTLoanbranchlogin" time="0.000" classname="YEAR2023.JANUARY.APITEST"/>
</testsuite> <!-- YEAR2023.JANUARY.APITEST -->
