<?xml version="1.0" encoding="UTF-8"?>
<!-- Generated by org.testng.reporters.JUnitReportReporter -->
<testsuite hostname="LAPTOP-B6F4M6SR" name="YEAR2023.JANUARY.SELENIUMTEST" tests="4" failures="0" timestamp="17 Jan 2023 21:21:42 GMT" time="0.010" errors="0">
  <testcase name="applogin" time="0.008" classname="YEAR2023.JANUARY.SELENIUMTEST"/>
  <testcase name="branchlogin" time="0.000" classname="YEAR2023.JANUARY.SELENIUMTEST"/>
  <testcase name="phonelogin" time="0.001" classname="YEAR2023.JANUARY.SELENIUMTEST"/>
  <testcase name="weblogin" time="0.001" classname="YEAR2023.JANUARY.SELENIUMTEST"/>
</testsuite> <!-- YEAR2023.JANUARY.SELENIUMTEST -->
